0 info it worked if it ends with ok
1 verbose cli [ '/home/danilo.assis/.nvm/versions/node/v6.14.4/bin/node',
1 verbose cli   '/home/danilo.assis/.nvm/versions/node/v6.14.4/bin/npm',
1 verbose cli   'run',
1 verbose cli   'dev' ]
2 info using npm@3.10.10
3 info using node@v6.14.4
4 verbose run-script [ 'predev', 'dev', 'postdev' ]
5 info lifecycle simple-crud-node-js@1.0.0~predev: simple-crud-node-js@1.0.0
6 silly lifecycle simple-crud-node-js@1.0.0~predev: no script for predev, continuing
7 info lifecycle simple-crud-node-js@1.0.0~dev: simple-crud-node-js@1.0.0
8 verbose lifecycle simple-crud-node-js@1.0.0~dev: unsafe-perm in lifecycle true
9 verbose lifecycle simple-crud-node-js@1.0.0~dev: PATH: /home/danilo.assis/.nvm/versions/node/v6.14.4/lib/node_modules/npm/bin/node-gyp-bin:/home/danilo.assis/Documentos/z/simpleCrudNodeJS/node_modules/.bin:/home/danilo.assis/.nvm/versions/node/v6.14.4/bin:/usr/local/bin:/usr/bin:/bin:/usr/local/games:/usr/games
10 verbose lifecycle simple-crud-node-js@1.0.0~dev: CWD: /home/danilo.assis/Documentos/z/simpleCrudNodeJS
11 silly lifecycle simple-crud-node-js@1.0.0~dev: Args: [ '-c', 'nodemon server.js' ]
12 silly lifecycle simple-crud-node-js@1.0.0~dev: Returned: code: 1  signal: null
13 info lifecycle simple-crud-node-js@1.0.0~dev: Failed to exec dev script
14 verbose stack Error: simple-crud-node-js@1.0.0 dev: `nodemon server.js`
14 verbose stack Exit status 1
14 verbose stack     at EventEmitter.<anonymous> (/home/danilo.assis/.nvm/versions/node/v6.14.4/lib/node_modules/npm/lib/utils/lifecycle.js:255:16)
14 verbose stack     at emitTwo (events.js:106:13)
14 verbose stack     at EventEmitter.emit (events.js:191:7)
14 verbose stack     at ChildProcess.<anonymous> (/home/danilo.assis/.nvm/versions/node/v6.14.4/lib/node_modules/npm/lib/utils/spawn.js:40:14)
14 verbose stack     at emitTwo (events.js:106:13)
14 verbose stack     at ChildProcess.emit (events.js:191:7)
14 verbose stack     at maybeClose (internal/child_process.js:920:16)
14 verbose stack     at Process.ChildProcess._handle.onexit (internal/child_process.js:230:5)
15 verbose pkgid simple-crud-node-js@1.0.0
16 verbose cwd /home/danilo.assis/Documentos/z/simpleCrudNodeJS
17 error Linux 4.9.0-8-amd64
18 error argv "/home/danilo.assis/.nvm/versions/node/v6.14.4/bin/node" "/home/danilo.assis/.nvm/versions/node/v6.14.4/bin/npm" "run" "dev"
19 error node v6.14.4
20 error npm  v3.10.10
21 error code ELIFECYCLE
22 error simple-crud-node-js@1.0.0 dev: `nodemon server.js`
22 error Exit status 1
23 error Failed at the simple-crud-node-js@1.0.0 dev script 'nodemon server.js'.
23 error Make sure you have the latest version of node.js and npm installed.
23 error If you do, this is most likely a problem with the simple-crud-node-js package,
23 error not with npm itself.
23 error Tell the author that this fails on your system:
23 error     nodemon server.js
23 error You can get information on how to open an issue for this project with:
23 error     npm bugs simple-crud-node-js
23 error Or if that isn't available, you can get their info via:
23 error     npm owner ls simple-crud-node-js
23 error There is likely additional logging output above.
24 verbose exit [ 1, true ]
